::1 - - [30/Mar/2018:21:35:46 +0000] "GET / HTTP/1.1" 304 -
::1 - - [30/Mar/2018:21:35:47 +0000] "GET /favicon.ico HTTP/1.1" 200 21
::1 - - [31/Mar/2018:19:03:23 +0000] "GET / HTTP/1.1" 500 2154
::1 - - [31/Mar/2018:19:03:24 +0000] "GET /favicon.ico HTTP/1.1" 200 21
::1 - - [31/Mar/2018:19:03:48 +0000] "GET / HTTP/1.1" 500 2075
::1 - - [31/Mar/2018:19:03:49 +0000] "GET /favicon.ico HTTP/1.1" 200 21
::1 - - [31/Mar/2018:19:16:55 +0000] "GET / HTTP/1.1" 500 2155
::1 - - [31/Mar/2018:19:16:55 +0000] "GET /favicon.ico HTTP/1.1" 200 21
::1 - - [31/Mar/2018:19:16:56 +0000] "GET / HTTP/1.1" 500 2155
::1 - - [31/Mar/2018:19:16:56 +0000] "GET /favicon.ico HTTP/1.1" 200 21
::1 - - [31/Mar/2018:19:23:13 +0000] "GET / HTTP/1.1" 200 17
::1 - - [31/Mar/2018:19:23:13 +0000] "GET /favicon.ico HTTP/1.1" 200 21
::1 - - [31/Mar/2018:19:23:54 +0000] "GET / HTTP/1.1" 304 -
::1 - - [31/Mar/2018:19:23:54 +0000] "GET /favicon.ico HTTP/1.1" 200 21
::1 - - [31/Mar/2018:19:24:33 +0000] "GET / HTTP/1.1" 304 -
::1 - - [31/Mar/2018:19:24:33 +0000] "GET /favicon.ico HTTP/1.1" 200 21
::1 - - [31/Mar/2018:19:24:51 +0000] "GET / HTTP/1.1" 304 -
::1 - - [31/Mar/2018:19:24:51 +0000] "GET /favicon.ico HTTP/1.1" 200 21
::1 - - [01/Apr/2018:00:33:25 +0000] "GET / HTTP/1.1" 304 -
::1 - - [01/Apr/2018:00:33:26 +0000] "GET /favicon.ico HTTP/1.1" 304 -
::1 - - [01/Apr/2018:00:34:02 +0000] "GET / HTTP/1.1" 200 17
::1 - - [01/Apr/2018:00:34:07 +0000] "GET /favicon.ico HTTP/1.1" 200 21
::1 - - [01/Apr/2018:00:34:10 +0000] "GET / HTTP/1.1" 304 -
::1 - - [01/Apr/2018:00:34:10 +0000] "GET /favicon.ico HTTP/1.1" 200 21
::1 - - [01/Apr/2018:00:34:18 +0000] "GET / HTTP/1.1" 304 -
::1 - - [01/Apr/2018:00:34:24 +0000] "GET /favicon.ico HTTP/1.1" 200 21
::1 - - [01/Apr/2018:00:34:29 +0000] "GET / HTTP/1.1" 304 -
::1 - - [01/Apr/2018:00:34:30 +0000] "GET /favicon.ico HTTP/1.1" 200 21
::1 - - [01/Apr/2018:00:34:32 +0000] "GET / HTTP/1.1" 304 -
::1 - - [01/Apr/2018:00:34:32 +0000] "GET /favicon.ico HTTP/1.1" 200 21
::1 - - [01/Apr/2018:00:34:34 +0000] "GET / HTTP/1.1" 304 -
::1 - - [01/Apr/2018:00:34:34 +0000] "GET /favicon.ico HTTP/1.1" 200 21
::1 - - [01/Apr/2018:00:34:34 +0000] "GET / HTTP/1.1" 304 -
::1 - - [01/Apr/2018:00:34:35 +0000] "GET /favicon.ico HTTP/1.1" 200 21
::1 - - [01/Apr/2018:00:34:35 +0000] "GET / HTTP/1.1" 304 -
::1 - - [01/Apr/2018:00:34:35 +0000] "GET /favicon.ico HTTP/1.1" 200 21
::1 - - [01/Apr/2018:00:34:35 +0000] "GET / HTTP/1.1" 304 -
::1 - - [01/Apr/2018:00:34:35 +0000] "GET /favicon.ico HTTP/1.1" 200 21
::1 - - [01/Apr/2018:00:34:35 +0000] "GET / HTTP/1.1" 304 -
::1 - - [01/Apr/2018:00:34:35 +0000] "GET /favicon.ico HTTP/1.1" 200 21
::1 - - [01/Apr/2018:00:34:39 +0000] "GET / HTTP/1.1" 304 -
::1 - - [01/Apr/2018:00:34:39 +0000] "GET /favicon.ico HTTP/1.1" 200 21
::ffff:127.0.0.1 - - [01/Apr/2018:00:38:04 +0000] "GET / HTTP/1.1" 200 17
::1 - - [01/Apr/2018:00:42:19 +0000] "GET / HTTP/1.1" 200 17
::1 - - [01/Apr/2018:00:42:20 +0000] "GET /favicon.ico HTTP/1.1" 200 21
::1 - - [01/Apr/2018:00:43:13 +0000] "GET / HTTP/1.1" 304 -
::1 - - [01/Apr/2018:00:43:13 +0000] "GET /favicon.ico HTTP/1.1" 200 21
::1 - - [01/Apr/2018:00:43:32 +0000] "GET / HTTP/1.1" 304 -
::1 - - [01/Apr/2018:00:43:50 +0000] "GET / HTTP/1.1" 304 -
::1 - - [01/Apr/2018:00:43:50 +0000] "GET /favicon.ico HTTP/1.1" 200 21
::1 - - [01/Apr/2018:00:45:59 +0000] "GET / HTTP/1.1" 304 -
::1 - - [01/Apr/2018:00:45:59 +0000] "GET /favicon.ico HTTP/1.1" 200 21
::1 - - [01/Apr/2018:00:46:00 +0000] "GET / HTTP/1.1" 304 -
::1 - - [01/Apr/2018:00:46:00 +0000] "GET /favicon.ico HTTP/1.1" 200 21
::1 - - [01/Apr/2018:00:46:00 +0000] "GET / HTTP/1.1" 304 -
::1 - - [01/Apr/2018:00:46:00 +0000] "GET /favicon.ico HTTP/1.1" 200 21
::1 - - [01/Apr/2018:00:46:03 +0000] "GET / HTTP/1.1" 304 -
::1 - - [01/Apr/2018:00:46:03 +0000] "GET /favicon.ico HTTP/1.1" 200 21
::1 - - [01/Apr/2018:00:46:03 +0000] "GET / HTTP/1.1" 304 -
::1 - - [01/Apr/2018:00:46:03 +0000] "GET /favicon.ico HTTP/1.1" 200 21
::1 - - [01/Apr/2018:00:46:03 +0000] "GET / HTTP/1.1" 304 -
::1 - - [01/Apr/2018:00:46:03 +0000] "GET /favicon.ico HTTP/1.1" 200 21
::1 - - [01/Apr/2018:00:46:03 +0000] "GET / HTTP/1.1" 304 -
::1 - - [01/Apr/2018:00:46:03 +0000] "GET /favicon.ico HTTP/1.1" 200 21
::1 - - [01/Apr/2018:00:46:03 +0000] "GET / HTTP/1.1" 304 -
::1 - - [01/Apr/2018:00:46:04 +0000] "GET /favicon.ico HTTP/1.1" 200 21
::1 - - [01/Apr/2018:00:46:04 +0000] "GET / HTTP/1.1" 304 -
::1 - - [01/Apr/2018:00:46:04 +0000] "GET /favicon.ico HTTP/1.1" 200 21
::1 - - [01/Apr/2018:00:46:04 +0000] "GET / HTTP/1.1" 304 -
::1 - - [01/Apr/2018:00:46:04 +0000] "GET /favicon.ico HTTP/1.1" 200 21
::1 - - [01/Apr/2018:00:46:04 +0000] "GET / HTTP/1.1" 304 -
::1 - - [01/Apr/2018:00:46:04 +0000] "GET /favicon.ico HTTP/1.1" 200 21
::1 - - [01/Apr/2018:00:46:05 +0000] "GET / HTTP/1.1" 304 -
::1 - - [01/Apr/2018:00:46:05 +0000] "GET /favicon.ico HTTP/1.1" 200 21
::ffff:127.0.0.1 - - [01/Apr/2018:00:46:19 +0000] "GET / HTTP/1.1" 304 -
::ffff:127.0.0.1 - - [01/Apr/2018:00:46:37 +0000] "GET / HTTP/1.1" 200 17
::1 - - [01/Apr/2018:00:49:31 +0000] "GET / HTTP/1.1" 200 17
::1 - - [01/Apr/2018:00:49:31 +0000] "GET /favicon.ico HTTP/1.1" 200 21
::1 - - [01/Apr/2018:00:49:32 +0000] "GET / HTTP/1.1" 304 -
::1 - - [01/Apr/2018:00:49:32 +0000] "GET /favicon.ico HTTP/1.1" 200 21
::1 - - [01/Apr/2018:00:49:32 +0000] "GET / HTTP/1.1" 304 -
::1 - - [01/Apr/2018:00:49:32 +0000] "GET /favicon.ico HTTP/1.1" 200 21
::1 - - [01/Apr/2018:00:49:32 +0000] "GET / HTTP/1.1" 304 -
::1 - - [01/Apr/2018:00:49:33 +0000] "GET /favicon.ico HTTP/1.1" 200 21
::1 - - [01/Apr/2018:00:49:33 +0000] "GET / HTTP/1.1" 304 -
::1 - - [01/Apr/2018:00:49:33 +0000] "GET /favicon.ico HTTP/1.1" 200 21
::1 - - [01/Apr/2018:00:49:35 +0000] "GET / HTTP/1.1" 304 -
::1 - - [01/Apr/2018:00:49:35 +0000] "GET /favicon.ico HTTP/1.1" 200 21
::1 - - [01/Apr/2018:00:49:35 +0000] "GET / HTTP/1.1" 304 -
::1 - - [01/Apr/2018:00:49:35 +0000] "GET /favicon.ico HTTP/1.1" 200 21
::1 - - [01/Apr/2018:00:49:35 +0000] "GET / HTTP/1.1" 304 -
::1 - - [01/Apr/2018:00:49:35 +0000] "GET /favicon.ico HTTP/1.1" 200 21
::1 - - [01/Apr/2018:11:04:21 +0000] "GET / HTTP/1.1" 304 -
::1 - - [01/Apr/2018:11:04:22 +0000] "GET /favicon.ico HTTP/1.1" 304 -
::1 - - [01/Apr/2018:11:04:28 +0000] "GET / HTTP/1.1" 304 -
::1 - - [01/Apr/2018:11:04:28 +0000] "GET /favicon.ico HTTP/1.1" 200 21
::1 - - [01/Apr/2018:11:04:49 +0000] "GET / HTTP/1.1" 304 -
::1 - - [01/Apr/2018:11:04:49 +0000] "GET /favicon.ico HTTP/1.1" 200 21
::1 - - [01/Apr/2018:11:05:21 +0000] "GET / HTTP/1.1" 304 -
::1 - - [01/Apr/2018:11:05:21 +0000] "GET /favicon.ico HTTP/1.1" 200 21
::1 - - [01/Apr/2018:11:06:57 +0000] "GET / HTTP/1.1" 304 -
::1 - - [01/Apr/2018:11:06:57 +0000] "GET /favicon.ico HTTP/1.1" 200 21
::1 - - [01/Apr/2018:11:09:00 +0000] "GET / HTTP/1.1" 304 -
::1 - - [01/Apr/2018:11:09:00 +0000] "GET /favicon.ico HTTP/1.1" 200 21
::1 - - [01/Apr/2018:11:19:52 +0000] "GET / HTTP/1.1" 500 1404
::1 - - [01/Apr/2018:11:19:53 +0000] "GET /favicon.ico HTTP/1.1" 200 21
::1 - - [01/Apr/2018:11:20:02 +0000] "GET / HTTP/1.1" 500 1404
::1 - - [01/Apr/2018:11:20:02 +0000] "GET /favicon.ico HTTP/1.1" 200 21
::1 - - [01/Apr/2018:11:20:03 +0000] "GET / HTTP/1.1" 500 1404
::1 - - [01/Apr/2018:11:20:03 +0000] "GET /favicon.ico HTTP/1.1" 200 21
::1 - - [01/Apr/2018:11:20:04 +0000] "GET / HTTP/1.1" 500 1404
::1 - - [01/Apr/2018:11:20:05 +0000] "GET /favicon.ico HTTP/1.1" 200 21
::1 - - [01/Apr/2018:11:20:05 +0000] "GET / HTTP/1.1" 500 1404
::1 - - [01/Apr/2018:11:20:05 +0000] "GET /favicon.ico HTTP/1.1" 200 21
::1 - - [01/Apr/2018:11:20:05 +0000] "GET / HTTP/1.1" 500 1404
::1 - - [01/Apr/2018:11:20:05 +0000] "GET /favicon.ico HTTP/1.1" 200 21
::1 - - [01/Apr/2018:11:20:21 +0000] "GET / HTTP/1.1" 500 2155
::1 - - [01/Apr/2018:11:20:21 +0000] "GET /favicon.ico HTTP/1.1" 200 21
::1 - - [01/Apr/2018:11:21:44 +0000] "GET / HTTP/1.1" 500 2155
::1 - - [01/Apr/2018:11:21:44 +0000] "GET /favicon.ico HTTP/1.1" 200 21
::1 - - [01/Apr/2018:11:23:42 +0000] "GET / HTTP/1.1" 500 2155
::1 - - [01/Apr/2018:11:23:43 +0000] "GET /favicon.ico HTTP/1.1" 200 21
::1 - - [01/Apr/2018:11:24:33 +0000] "GET / HTTP/1.1" 500 2155
::1 - - [01/Apr/2018:11:24:33 +0000] "GET /favicon.ico HTTP/1.1" 200 21
::1 - - [01/Apr/2018:11:28:39 +0000] "GET / HTTP/1.1" 200 17
::1 - - [01/Apr/2018:11:28:40 +0000] "GET /favicon.ico HTTP/1.1" 304 -
::1 - - [01/Apr/2018:11:28:40 +0000] "GET /favicon.ico HTTP/1.1" 304 -
::1 - - [01/Apr/2018:11:28:43 +0000] "GET / HTTP/1.1" 304 -
::1 - - [01/Apr/2018:11:28:43 +0000] "GET /favicon.ico HTTP/1.1" 200 21
::1 - - [01/Apr/2018:11:28:43 +0000] "GET / HTTP/1.1" 304 -
::1 - - [01/Apr/2018:11:28:44 +0000] "GET /favicon.ico HTTP/1.1" 200 21
::1 - - [01/Apr/2018:11:28:44 +0000] "GET / HTTP/1.1" 304 -
::1 - - [01/Apr/2018:11:28:44 +0000] "GET /favicon.ico HTTP/1.1" 200 21
::1 - - [01/Apr/2018:11:28:44 +0000] "GET / HTTP/1.1" 304 -
::1 - - [01/Apr/2018:11:28:44 +0000] "GET /favicon.ico HTTP/1.1" 200 21
::ffff:127.0.0.1 - - [01/Apr/2018:11:30:59 +0000] "GET / HTTP/1.1" 200 17
::1 - - [01/Apr/2018:11:31:36 +0000] "GET / HTTP/1.1" 304 -
::1 - - [01/Apr/2018:11:31:36 +0000] "GET /favicon.ico HTTP/1.1" 200 21
::1 - - [01/Apr/2018:11:32:16 +0000] "GET / HTTP/1.1" 304 -
::1 - - [01/Apr/2018:11:32:16 +0000] "GET /favicon.ico HTTP/1.1" 200 21
::1 - - [01/Apr/2018:11:38:03 +0000] "GET / HTTP/1.1" 304 -
::1 - - [01/Apr/2018:11:38:03 +0000] "GET /favicon.ico HTTP/1.1" 200 21
::1 - - [01/Apr/2018:11:40:51 +0000] "GET / HTTP/1.1" 304 -
::1 - - [01/Apr/2018:11:40:51 +0000] "GET /favicon.ico HTTP/1.1" 200 21
::1 - - [01/Apr/2018:11:41:18 +0000] "GET / HTTP/1.1" 304 -
::1 - - [01/Apr/2018:11:41:18 +0000] "GET /favicon.ico HTTP/1.1" 200 21
::1 - - [01/Apr/2018:11:41:39 +0000] "GET / HTTP/1.1" 500 2155
::1 - - [01/Apr/2018:11:41:40 +0000] "GET /favicon.ico HTTP/1.1" 200 21
::1 - - [01/Apr/2018:11:53:06 +0000] "GET / HTTP/1.1" 200 17
::1 - - [01/Apr/2018:11:53:06 +0000] "GET /favicon.ico HTTP/1.1" 200 21
::1 - - [01/Apr/2018:11:53:08 +0000] "GET / HTTP/1.1" 304 -
::1 - - [01/Apr/2018:11:53:08 +0000] "GET /favicon.ico HTTP/1.1" 200 21
::1 - - [01/Apr/2018:11:53:09 +0000] "GET / HTTP/1.1" 304 -
::1 - - [01/Apr/2018:11:53:09 +0000] "GET /favicon.ico HTTP/1.1" 200 21
::1 - - [01/Apr/2018:11:53:09 +0000] "GET / HTTP/1.1" 304 -
::1 - - [01/Apr/2018:11:53:09 +0000] "GET /favicon.ico HTTP/1.1" 200 21
::1 - - [01/Apr/2018:11:53:09 +0000] "GET / HTTP/1.1" 304 -
::1 - - [01/Apr/2018:11:53:09 +0000] "GET /favicon.ico HTTP/1.1" 200 21
::1 - - [01/Apr/2018:11:53:09 +0000] "GET / HTTP/1.1" 304 -
::1 - - [01/Apr/2018:11:53:09 +0000] "GET /favicon.ico HTTP/1.1" 200 21
::1 - - [01/Apr/2018:11:53:09 +0000] "GET / HTTP/1.1" 304 -
::1 - - [01/Apr/2018:11:53:10 +0000] "GET /favicon.ico HTTP/1.1" 200 21
::1 - - [01/Apr/2018:11:53:10 +0000] "GET / HTTP/1.1" 304 -
::1 - - [01/Apr/2018:11:53:10 +0000] "GET /favicon.ico HTTP/1.1" 200 21
::1 - - [01/Apr/2018:11:53:10 +0000] "GET / HTTP/1.1" 304 -
::1 - - [01/Apr/2018:11:53:10 +0000] "GET /favicon.ico HTTP/1.1" 200 21
::1 - - [01/Apr/2018:12:01:20 +0000] "GET / HTTP/1.1" 200 62
::1 - - [01/Apr/2018:12:01:20 +0000] "GET /favicon.ico HTTP/1.1" 200 21
::1 - - [01/Apr/2018:12:01:23 +0000] "GET / HTTP/1.1" 200 62
::1 - - [01/Apr/2018:12:01:23 +0000] "GET /favicon.ico HTTP/1.1" 200 21
::1 - - [01/Apr/2018:12:01:24 +0000] "GET / HTTP/1.1" 200 62
::1 - - [01/Apr/2018:12:01:24 +0000] "GET /favicon.ico HTTP/1.1" 200 21
::1 - - [01/Apr/2018:12:01:24 +0000] "GET / HTTP/1.1" 200 62
::1 - - [01/Apr/2018:12:01:24 +0000] "GET /favicon.ico HTTP/1.1" 200 21
::1 - - [01/Apr/2018:12:01:24 +0000] "GET / HTTP/1.1" 200 62
::1 - - [01/Apr/2018:12:01:24 +0000] "GET /favicon.ico HTTP/1.1" 200 21
::1 - - [01/Apr/2018:12:01:24 +0000] "GET / HTTP/1.1" 200 62
::1 - - [01/Apr/2018:12:01:25 +0000] "GET /favicon.ico HTTP/1.1" 200 21
::1 - - [01/Apr/2018:12:01:25 +0000] "GET / HTTP/1.1" 200 62
::1 - - [01/Apr/2018:12:01:25 +0000] "GET /favicon.ico HTTP/1.1" 200 21
::1 - - [01/Apr/2018:12:01:25 +0000] "GET / HTTP/1.1" 200 62
::1 - - [01/Apr/2018:12:01:26 +0000] "GET /favicon.ico HTTP/1.1" 200 21
::1 - - [01/Apr/2018:12:01:26 +0000] "GET / HTTP/1.1" 200 62
::1 - - [01/Apr/2018:12:01:26 +0000] "GET /favicon.ico HTTP/1.1" 200 21
::1 - - [01/Apr/2018:12:01:26 +0000] "GET / HTTP/1.1" 200 62
::1 - - [01/Apr/2018:12:01:26 +0000] "GET /favicon.ico HTTP/1.1" 200 21
::1 - - [01/Apr/2018:12:01:26 +0000] "GET / HTTP/1.1" 200 62
::1 - - [01/Apr/2018:12:01:27 +0000] "GET /favicon.ico HTTP/1.1" 200 21
::1 - - [01/Apr/2018:12:01:27 +0000] "GET / HTTP/1.1" 200 62
::1 - - [01/Apr/2018:12:01:27 +0000] "GET /favicon.ico HTTP/1.1" 200 21
::1 - - [01/Apr/2018:12:03:57 +0000] "GET / HTTP/1.1" 500 2185
::1 - - [01/Apr/2018:12:03:57 +0000] "GET /favicon.ico HTTP/1.1" 200 21
::1 - - [01/Apr/2018:12:04:18 +0000] "GET / HTTP/1.1" 500 2185
::1 - - [01/Apr/2018:12:04:18 +0000] "GET /favicon.ico HTTP/1.1" 200 21
::1 - - [01/Apr/2018:12:04:22 +0000] "GET / HTTP/1.1" 200 -
::1 - - [01/Apr/2018:12:04:22 +0000] "GET /favicon.ico HTTP/1.1" 200 21
::1 - - [01/Apr/2018:12:04:24 +0000] "GET / HTTP/1.1" 200 -
::1 - - [01/Apr/2018:12:04:24 +0000] "GET /favicon.ico HTTP/1.1" 200 21
::1 - - [01/Apr/2018:12:04:26 +0000] "GET / HTTP/1.1" 200 -
::1 - - [01/Apr/2018:12:04:26 +0000] "GET /favicon.ico HTTP/1.1" 200 21
::1 - - [01/Apr/2018:12:04:26 +0000] "GET / HTTP/1.1" 200 -
::1 - - [01/Apr/2018:12:04:26 +0000] "GET /favicon.ico HTTP/1.1" 200 21
::1 - - [01/Apr/2018:12:06:18 +0000] "GET / HTTP/1.1" 200 2
::1 - - [01/Apr/2018:12:06:18 +0000] "GET /favicon.ico HTTP/1.1" 200 21
::1 - - [01/Apr/2018:12:06:19 +0000] "GET / HTTP/1.1" 304 -
::1 - - [01/Apr/2018:12:06:19 +0000] "GET /favicon.ico HTTP/1.1" 200 21
::1 - - [01/Apr/2018:12:06:19 +0000] "GET / HTTP/1.1" 304 -
::1 - - [01/Apr/2018:12:06:20 +0000] "GET /favicon.ico HTTP/1.1" 200 21
::1 - - [01/Apr/2018:12:06:20 +0000] "GET / HTTP/1.1" 304 -
::1 - - [01/Apr/2018:12:06:20 +0000] "GET /favicon.ico HTTP/1.1" 200 21
::1 - - [01/Apr/2018:12:06:20 +0000] "GET / HTTP/1.1" 304 -
::1 - - [01/Apr/2018:12:06:20 +0000] "GET /favicon.ico HTTP/1.1" 200 21
::1 - - [01/Apr/2018:12:06:20 +0000] "GET / HTTP/1.1" 304 -
::1 - - [01/Apr/2018:12:06:21 +0000] "GET /favicon.ico HTTP/1.1" 200 21
::1 - - [01/Apr/2018:12:08:29 +0000] "GET / HTTP/1.1" 200 40
::1 - - [01/Apr/2018:12:08:30 +0000] "GET /favicon.ico HTTP/1.1" 304 -
::1 - - [01/Apr/2018:12:08:30 +0000] "GET /favicon.ico HTTP/1.1" 304 -
::1 - - [01/Apr/2018:12:08:31 +0000] "GET / HTTP/1.1" 304 -
::1 - - [01/Apr/2018:12:08:31 +0000] "GET /favicon.ico HTTP/1.1" 200 21
::1 - - [01/Apr/2018:12:08:31 +0000] "GET / HTTP/1.1" 304 -
::1 - - [01/Apr/2018:12:08:32 +0000] "GET /favicon.ico HTTP/1.1" 200 21
::1 - - [01/Apr/2018:12:08:32 +0000] "GET / HTTP/1.1" 304 -
::1 - - [01/Apr/2018:12:08:32 +0000] "GET /favicon.ico HTTP/1.1" 200 21
::1 - - [01/Apr/2018:12:13:28 +0000] "GET / HTTP/1.1" 200 29
::1 - - [01/Apr/2018:12:13:28 +0000] "GET /favicon.ico HTTP/1.1" 200 21
::1 - - [01/Apr/2018:12:24:24 +0000] "GET / HTTP/1.1" 200 2
::1 - - [01/Apr/2018:12:24:25 +0000] "GET /favicon.ico HTTP/1.1" 304 -
::1 - - [01/Apr/2018:12:25:40 +0000] "GET / HTTP/1.1" 304 -
::1 - - [01/Apr/2018:12:26:15 +0000] "GET / HTTP/1.1" 304 -
::1 - - [01/Apr/2018:12:26:15 +0000] "GET /favicon.ico HTTP/1.1" 200 21
::1 - - [01/Apr/2018:12:26:15 +0000] "GET / HTTP/1.1" 304 -
::1 - - [01/Apr/2018:12:26:16 +0000] "GET /favicon.ico HTTP/1.1" 200 21
::1 - - [01/Apr/2018:12:26:16 +0000] "GET / HTTP/1.1" 304 -
::1 - - [01/Apr/2018:12:26:16 +0000] "GET /favicon.ico HTTP/1.1" 200 21
::1 - - [01/Apr/2018:12:26:16 +0000] "GET / HTTP/1.1" 304 -
::1 - - [01/Apr/2018:12:26:16 +0000] "GET /favicon.ico HTTP/1.1" 200 21
::1 - - [01/Apr/2018:12:26:16 +0000] "GET / HTTP/1.1" 304 -
::1 - - [01/Apr/2018:12:26:16 +0000] "GET /favicon.ico HTTP/1.1" 200 21
::1 - - [01/Apr/2018:12:26:16 +0000] "GET / HTTP/1.1" 304 -
::1 - - [01/Apr/2018:12:26:16 +0000] "GET /favicon.ico HTTP/1.1" 200 21
::1 - - [01/Apr/2018:12:27:12 +0000] "GET / HTTP/1.1" 304 -
::1 - - [01/Apr/2018:12:27:12 +0000] "GET /favicon.ico HTTP/1.1" 200 21
::1 - - [01/Apr/2018:12:27:26 +0000] "GET / HTTP/1.1" 304 -
::1 - - [01/Apr/2018:12:27:26 +0000] "GET /favicon.ico HTTP/1.1" 200 21
::1 - - [01/Apr/2018:12:27:28 +0000] "GET / HTTP/1.1" 304 -
::1 - - [01/Apr/2018:12:27:28 +0000] "GET /favicon.ico HTTP/1.1" 200 21
::1 - - [01/Apr/2018:12:29:12 +0000] "GET / HTTP/1.1" 304 -
::1 - - [01/Apr/2018:12:29:12 +0000] "GET /favicon.ico HTTP/1.1" 200 21
::1 - - [01/Apr/2018:12:29:13 +0000] "GET / HTTP/1.1" 304 -
::1 - - [01/Apr/2018:12:29:13 +0000] "GET /favicon.ico HTTP/1.1" 200 21
::1 - - [01/Apr/2018:12:29:14 +0000] "GET / HTTP/1.1" 304 -
::1 - - [01/Apr/2018:12:29:14 +0000] "GET /favicon.ico HTTP/1.1" 200 21
::1 - - [01/Apr/2018:12:29:44 +0000] "GET / HTTP/1.1" 304 -
::1 - - [01/Apr/2018:12:29:44 +0000] "GET /favicon.ico HTTP/1.1" 200 21
::1 - - [01/Apr/2018:12:30:05 +0000] "GET / HTTP/1.1" 304 -
::1 - - [01/Apr/2018:12:30:05 +0000] "GET /favicon.ico HTTP/1.1" 200 21
::1 - - [01/Apr/2018:12:31:09 +0000] "GET / HTTP/1.1" - -
::ffff:127.0.0.1 - - [01/Apr/2018:12:31:10 +0000] "GET / HTTP/1.1" - -
::ffff:127.0.0.1 - - [01/Apr/2018:12:31:26 +0000] "GET / HTTP/1.1" - -
::ffff:127.0.0.1 - - [01/Apr/2018:12:31:28 +0000] "GET / HTTP/1.1" - -
::1 - - [01/Apr/2018:12:31:30 +0000] "GET / HTTP/1.1" - -
::1 - - [01/Apr/2018:12:31:30 +0000] "GET / HTTP/1.1" - -
::1 - - [01/Apr/2018:12:31:30 +0000] "GET / HTTP/1.1" - -
::1 - - [01/Apr/2018:12:32:23 +0000] "GET / HTTP/1.1" - -
::1 - - [01/Apr/2018:12:32:32 +0000] "GET / HTTP/1.1" - -
::ffff:127.0.0.1 - - [01/Apr/2018:12:32:33 +0000] "GET / HTTP/1.1" - -
::1 - - [01/Apr/2018:12:34:33 +0000] "GET / HTTP/1.1" - -
::1 - - [01/Apr/2018:12:35:11 +0000] "GET / HTTP/1.1" 200 62
::1 - - [01/Apr/2018:12:35:11 +0000] "GET /favicon.ico HTTP/1.1" 200 21
::1 - - [01/Apr/2018:12:35:13 +0000] "GET / HTTP/1.1" 200 62
::1 - - [01/Apr/2018:12:35:13 +0000] "GET /favicon.ico HTTP/1.1" 200 21
::1 - - [01/Apr/2018:12:35:13 +0000] "GET / HTTP/1.1" 200 62
::1 - - [01/Apr/2018:12:35:14 +0000] "GET /favicon.ico HTTP/1.1" 200 21
